WARNING: Information about .sconsign.dblite may be misleading
as it can be edited after state_of_repo.log finishes running

===================================

 *** GIT STATUS ***

===================================
Last commit:

commit 96e0b2dc939c7f9f171a38cfdeeb7329eb1d23f6
Author: anacarolinapq <77869104+anacarolinapq@users.noreply.github.com>
Date:   Tue Jul 13 14:14:55 2021 -0700

    #189: Run STATA script to prepare data


Files changed since last commit:


.gitignore
analysis/SConstruct
analysis/config_global.yaml
analysis/release/descriptive/plot.eps
analysis/release/descriptive/sconscript_descriptive.log
analysis/release/sconstruct.log
analysis/release/state_of_repo.log
analysis/source/prepare_data/SConscript
paper_slides/input/plot.eps
paper_slides/input/table.txt
paper_slides/release/paper/ondeck.pdf
paper_slides/release/paper/online_appendix.pdf
paper_slides/release/paper/paper.pdf
paper_slides/release/paper/sconscript.log
paper_slides/release/paper/text.pdf
paper_slides/release/sconstruct.log
paper_slides/release/state_of_input.log
paper_slides/release/state_of_repo.log
paper_slides/release/talk/sconscript.log
paper_slides/release/talk/slides.pdf

===================================

 *** FILE STATUS ***

===================================
./config_user.yaml:
   modified on: 14 Jul 2021 12:29:03
   size of file: 641
./run.py:
   modified on: 13 Jul 2021 11:44:07
   size of file: 449
./state_of_repo.log:
   modified on: 14 Jul 2021 15:23:10
   size of file: 1182
./SConstruct:
   modified on: 14 Jul 2021 15:22:54
   size of file: 1981
./config_global.yaml:
   modified on: 14 Jul 2021 12:37:54
   size of file: 1260
./sconstruct.log:
   modified on: 14 Jul 2021 15:23:10
   size of file: 209
./source/draw_data/create_draw_data.r:
   modified on: 14 Jul 2021 14:09:11
   size of file: 399
./source/draw_data/SConscript:
   modified on: 14 Jul 2021 14:09:05
   size of file: 534
./source/prepare_data/.Rhistory:
   modified on: 13 Jul 2021 13:31:27
   size of file: 0
./source/prepare_data/create_data.m:
   modified on: 13 Jul 2021 09:28:46
   size of file: 202
./source/prepare_data/create_data.sh:
   modified on: 13 Jul 2021 09:28:46
   size of file: 81
./source/prepare_data/create_data.do:
   modified on: 13 Jul 2021 09:28:46
   size of file: 262
./source/prepare_data/SConscript:
   modified on: 14 Jul 2021 14:39:18
   size of file: 1470
./source/prepare_data/create_data.py:
   modified on: 13 Jul 2021 09:28:46
   size of file: 260
./source/prepare_data/create_data.r:
   modified on: 13 Jul 2021 09:28:46
   size of file: 249
./source/descriptive/descriptive.py:
   modified on: 13 Jul 2021 12:44:10
   size of file: 548
./source/descriptive/SConscript:
   modified on: 13 Jul 2021 13:51:29
   size of file: 501
./release/create_data.log:
   modified on: 13 Jul 2021 14:11:48
   size of file: 1100
./release/state_of_repo.log:
   modified on: 14 Jul 2021 15:13:51
   size of file: 3966
./release/config_stata.log:
   modified on: 13 Jul 2021 14:13:51
   size of file: 2719
./release/sconstruct.log:
   modified on: 14 Jul 2021 15:13:51
   size of file: 260
./release/descriptive/sconscript_descriptive.log:
   modified on: 14 Jul 2021 09:54:04
   size of file: 96
./release/descriptive/plot.eps:
   modified on: 14 Jul 2021 09:54:04
   size of file: 15191
./release/descriptive/table.txt:
   modified on: 14 Jul 2021 09:54:03
   size of file: 39
./release/lg/data.txt:
   modified on: 23 Sep 2020 12:46:59
   size of file: 1988897
./build/prepare_data/sconscript_create_data.log:
   modified on: 14 Jul 2021 09:54:02
   size of file: 96
./build/prepare_data/data.txt:
   modified on: 23 Sep 2020 12:46:59
   size of file: 1988897
./build/descriptive/sconscript_descriptive.log:
   modified on: 14 Jul 2021 09:54:04
   size of file: 96
./build/descriptive/plot.eps:
   modified on: 14 Jul 2021 09:54:04
   size of file: 15191
./build/descriptive/table.txt:
   modified on: 14 Jul 2021 09:54:03
   size of file: 39
