WARNING: Information about .sconsign.dblite may be misleading
as it can be edited after state_of_repo.log finishes running

===================================

 *** GIT STATUS ***

===================================
Last commit:

commit 96e0b2dc939c7f9f171a38cfdeeb7329eb1d23f6
Author: anacarolinapq <77869104+anacarolinapq@users.noreply.github.com>
Date:   Tue Jul 13 14:14:55 2021 -0700

    #189: Run STATA script to prepare data


Files changed since last commit:


.gitignore
analysis/SConstruct
analysis/config_global.yaml
analysis/release/descriptive/plot.eps
analysis/release/descriptive/sconscript_descriptive.log
analysis/release/sconstruct.log
analysis/release/state_of_repo.log
analysis/source/prepare_data/SConscript
paper_slides/input/plot.eps
paper_slides/input/table.txt
paper_slides/release/paper/ondeck.pdf
paper_slides/release/paper/online_appendix.pdf
paper_slides/release/paper/paper.pdf
paper_slides/release/paper/sconscript.log
paper_slides/release/paper/text.pdf
paper_slides/release/sconstruct.log
paper_slides/release/state_of_input.log
paper_slides/release/state_of_repo.log
paper_slides/release/talk/sconscript.log
paper_slides/release/talk/slides.pdf

===================================

 *** FILE STATUS ***

===================================
./config_user.yaml:
   modified on: 14 Jul 2021 11:04:42
   size of file: 646
./run.py:
   modified on: 13 Jul 2021 09:28:46
   size of file: 458
./state_of_repo.log:
   modified on: 14 Jul 2021 15:20:33
   size of file: 1182
./SConstruct:
   modified on: 13 Jul 2021 09:28:46
   size of file: 1818
./state_of_input.log:
   modified on: 14 Jul 2021 15:20:33
   size of file: 141
./config_global.yaml:
   modified on: 14 Jul 2021 14:20:57
   size of file: 1283
./sconstruct.log:
   modified on: 14 Jul 2021 15:20:33
   size of file: 268
./source/paper/paper.lyx:
   modified on: 13 Jul 2021 09:28:46
   size of file: 5236
./source/paper/online_appendix.lyx:
   modified on: 13 Jul 2021 09:28:46
   size of file: 3610
./source/paper/ondeck.lyx:
   modified on: 13 Jul 2021 09:28:46
   size of file: 2522
./source/paper/text.tex:
   modified on: 13 Jul 2021 09:28:46
   size of file: 1300
./source/paper/SConscript:
   modified on: 13 Jul 2021 09:28:46
   size of file: 699
./source/paper/text.lyx:
   modified on: 13 Jul 2021 09:28:46
   size of file: 2522
./source/tables/SConscript:
   modified on: 13 Jul 2021 09:28:46
   size of file: 266
./source/tables/table.lyx:
   modified on: 13 Jul 2021 09:28:46
   size of file: 4082
./source/figures/figure.lyx:
   modified on: 13 Jul 2021 09:28:46
   size of file: 2214
./source/talk/slides.lyx:
   modified on: 13 Jul 2021 09:28:46
   size of file: 4697
./source/talk/SConscript:
   modified on: 13 Jul 2021 09:28:46
   size of file: 259
./release/state_of_repo.log:
   modified on: 14 Jul 2021 13:14:50
   size of file: 4462
./release/state_of_input.log:
   modified on: 14 Jul 2021 13:14:50
   size of file: 184
./release/sconstruct.log:
   modified on: 14 Jul 2021 13:14:50
   size of file: 329
./release/paper/paper.pdf:
   modified on: 14 Jul 2021 11:36:42
   size of file: 43424
./release/paper/online_appendix.pdf:
   modified on: 14 Jul 2021 11:36:38
   size of file: 31436
./release/paper/ondeck.pdf:
   modified on: 14 Jul 2021 11:36:37
   size of file: 18073
./release/paper/sconscript.log:
   modified on: 14 Jul 2021 11:36:43
   size of file: 322
./release/paper/text.pdf:
   modified on: 14 Jul 2021 11:36:43
   size of file: 18073
./release/talk/slides.pdf:
   modified on: 14 Jul 2021 11:36:46
   size of file: 22093
./release/talk/sconscript.log:
   modified on: 14 Jul 2021 11:36:46
   size of file: 552
./build/paper/paper.pdf:
   modified on: 14 Jul 2021 11:36:42
   size of file: 43424
./build/paper/online_appendix.pdf:
   modified on: 14 Jul 2021 11:36:38
   size of file: 31436
./build/paper/ondeck.pdf:
   modified on: 14 Jul 2021 11:36:37
   size of file: 18073
./build/paper/sconscript.log:
   modified on: 14 Jul 2021 11:36:43
   size of file: 322
./build/paper/text.pdf:
   modified on: 14 Jul 2021 11:36:43
   size of file: 18073
./build/tables/sconscript.log:
   modified on: 14 Jul 2021 11:36:38
   size of file: 154
./build/tables/table.lyx:
   modified on: 14 Jul 2021 11:36:38
   size of file: 4094
./build/talk/slides.pdf:
   modified on: 14 Jul 2021 11:36:46
   size of file: 22093
./build/talk/sconscript.log:
   modified on: 14 Jul 2021 11:36:46
   size of file: 552
